[   22.932898] usb 2-2.1: new low-speed USB device number 4 using uhci_hcd
[   23.255725] usb 2-2.1: New USB device found, idVendor=0461, idProduct=4d8a, bcdDevice= 1.00
[   23.255749] usb 2-2.1: New USB device strings: Mfr=1, Product=2, SerialNumber=0
[   23.255763] usb 2-2.1: Product: HP USB Multimedia Keyboard
[   23.255774] usb 2-2.1: Manufacturer: NOVATEK
[   23.268025] input: NOVATEK HP USB Multimedia Keyboard as /devices/pci0000:00/0000:00:11.0/0000:02:00.0/usb2/2-2/2-2.1/2-2.1:1.0/0003:0461:4D8A.0002/input/input5
[   23.322209] hid-generic 0003:0461:4D8A.0002: input,hidraw1: USB HID v1.11 Keyboard [NOVATEK HP USB Multimedia Keyboard] on usb-0000:02:00.0-2.1/input0
[   23.331530] input: NOVATEK HP USB Multimedia Keyboard System Control as /devices/pci0000:00/0000:00:11.0/0000:02:00.0/usb2/2-2/2-2.1/2-2.1:1.1/0003:0461:4D8A.0003/input/input6
[   23.386393] input: NOVATEK HP USB Multimedia Keyboard Consumer Control as /devices/pci0000:00/0000:00:11.0/0000:02:00.0/usb2/2-2/2-2.1/2-2.1:1.1/0003:0461:4D8A.0003/input/input7
[   23.386663] hid-generic 0003:0461:4D8A.0003: input,hidraw2: USB HID v1.11 Device [NOVATEK HP USB Multimedia Keyboard] on usb-0000:02:00.0-2.1/input1
[   23.389750] simple_usb_keyboard_module: loading out-of-tree module taints kernel.
[   23.390187] simple usb keyboard module init
[   30.255605] usb 2-2.1: USB disconnect, device number 4
[   30.290596] simple usb keyboard module cleanup
[   69.611215] usb 2-2.1: new low-speed USB device number 5 using uhci_hcd
[   70.135883] usb 2-2.1: New USB device found, idVendor=0461, idProduct=4d8a, bcdDevice= 1.00
[   70.135905] usb 2-2.1: New USB device strings: Mfr=1, Product=2, SerialNumber=0
[   70.135920] usb 2-2.1: Product: HP USB Multimedia Keyboard
[   70.135931] usb 2-2.1: Manufacturer: NOVATEK
[   70.183160] input: NOVATEK HP USB Multimedia Keyboard as /devices/pci0000:00/0000:00:11.0/0000:02:00.0/usb2/2-2/2-2.1/2-2.1:1.0/0003:0461:4D8A.0004/input/input8
[   70.258588] hid-generic 0003:0461:4D8A.0004: input,hidraw1: USB HID v1.11 Keyboard [NOVATEK HP USB Multimedia Keyboard] on usb-0000:02:00.0-2.1/input0
[   70.291383] input: NOVATEK HP USB Multimedia Keyboard System Control as /devices/pci0000:00/0000:00:11.0/0000:02:00.0/usb2/2-2/2-2.1/2-2.1:1.1/0003:0461:4D8A.0005/input/input9
[   70.350208] input: NOVATEK HP USB Multimedia Keyboard Consumer Control as /devices/pci0000:00/0000:00:11.0/0000:02:00.0/usb2/2-2/2-2.1/2-2.1:1.1/0003:0461:4D8A.0005/input/input10
[   70.350510] hid-generic 0003:0461:4D8A.0005: input,hidraw2: USB HID v1.11 Device [NOVATEK HP USB Multimedia Keyboard] on usb-0000:02:00.0-2.1/input1
[   70.353072] simple usb keyboard module init
[   77.545567] usb 2-2.1: USB disconnect, device number 5
[   77.710464] simple usb keyboard module cleanup
